/*C1*/SET SCHEMA PUBLIC
CONNECT USER SA
/*C2*/SET SCHEMA PUBLIC
CONNECT USER SA
/*C3*/SET SCHEMA PUBLIC
CONNECT USER SA
DISCONNECT
/*C4*/SET SCHEMA PUBLIC
CONNECT USER SA
/*C5*/SET SCHEMA PUBLIC
CONNECT USER SA
/*C4*/DISCONNECT
/*C5*/DISCONNECT
/*C6*/SET SCHEMA PUBLIC
CONNECT USER SA
/*C7*/SET SCHEMA PUBLIC
CONNECT USER SA
/*C8*/SET SCHEMA PUBLIC
CONNECT USER SA
SET AUTOCOMMIT FALSE
DELETE FROM FREESUBSCRIPTION WHERE USERNAME='test'
INSERT INTO FREESUBSCRIPTION VALUES('test','test','test','test','test@soft','2015-03-17 00:00:00.000000000')
SET AUTOCOMMIT TRUE
DISCONNECT
/*C6*/DISCONNECT
/*C7*/DISCONNECT
/*C9*/SET SCHEMA PUBLIC
CONNECT USER SA
/*C10*/SET SCHEMA PUBLIC
CONNECT USER SA
INSERT INTO FREESUBSCRIPTION VALUES('arosette','arosette','Arnaud','Rosette','arosette@soft.be','2015-03-17 00:00:00.000000000')
DISCONNECT
/*C9*/DISCONNECT
/*C11*/SET SCHEMA PUBLIC
CONNECT USER SA
/*C12*/SET SCHEMA PUBLIC
CONNECT USER SA
DISCONNECT
/*C11*/DISCONNECT
/*C13*/SET SCHEMA PUBLIC
CONNECT USER SA
/*C14*/SET SCHEMA PUBLIC
CONNECT USER SA
SET AUTOCOMMIT FALSE
DELETE FROM FREESUBSCRIPTION WHERE USERNAME='arosette'
INSERT INTO FREESUBSCRIPTION VALUES('arosette','arosette','Arnaud','Rosette','arosette@soft.be','2015-03-17 00:00:00.000000000')
SET AUTOCOMMIT TRUE
DISCONNECT
/*C13*/DISCONNECT
